<?xml version="1.0" encoding="UTF-8"?>
<robot generator="Robot 4.1.2 (Python 3.10.0 on win32)" generated="20211202 15:43:54.011" rpa="false" schemaversion="2">
<suite id="s1" name="Tests" source="C:\Projects\yodapp\tests">
<suite id="s1-s1" name="Cadastro" source="C:\Projects\yodapp\tests\cadastro.robot">
<test id="s1-s1-t1" name="Cadastrar um novo personagem">
<kw name="Start Session" library="base" type="SETUP">
<kw name="New Browser" library="Browser">
<arg>chromium</arg>
<arg>headless=False</arg>
<tag>BrowserControl</tag>
<tag>Setter</tag>
<doc>Create a new playwright Browser with specified options.</doc>
<msg timestamp="20211202 15:43:54.735" level="INFO">{"browser": "chromium", "headless": false, "handleSIGINT": true, "handleSIGTERM": true, "handleSIGHUP": true, "timeout": 30000.0, "devtools": false, "slowMo": 0.0, "tracesDir": "C:\\Projects\\yodapp\\logs\\browser\\traces\\4a2086e7-8fa0-4942-90ed-71f209454211"}</msg>
<msg timestamp="20211202 15:43:55.007" level="INFO">Successfully created browser with options: {"browser":"chromium","headless":false,"handleSIGINT":true,"handleSIGTERM":true,"handleSIGHUP":true,"timeout":30000,"devtools":false,"slowMo":0,"tracesDir":"C:\\Projects\\yodapp\\logs\\browser\\traces\\4a2086e7-8fa0-4942-90ed-71f209454211"}</msg>
<status status="PASS" starttime="20211202 15:43:54.734" endtime="20211202 15:43:55.008"/>
</kw>
<kw name="New Context" library="Browser">
<arg>viewport={'width': 1920, 'height': 1080}</arg>
<tag>BrowserControl</tag>
<tag>Setter</tag>
<doc>Create a new BrowserContext with specified options.</doc>
<msg timestamp="20211202 15:43:55.010" level="INFO">{"acceptDownloads": false, "ignoreHTTPSErrors": false, "bypassCSP": false, "viewport": {"width": 1920, "height": 1080}, "deviceScaleFactor": 1.0, "isMobile": false, "hasTouch": false, "javaScriptEnabled": true, "offline": false, "hideRfBrowser": false}</msg>
<msg timestamp="20211202 15:43:55.024" level="INFO">Successfully created context. </msg>
<msg timestamp="20211202 15:43:55.024" level="INFO">{'acceptDownloads': False, 'ignoreHTTPSErrors': False, 'bypassCSP': False, 'viewport': {'width': 1920, 'height': 1080}, 'deviceScaleFactor': 1, 'isMobile': False, 'hasTouch': False, 'javaScriptEnabled': True, 'offline': False, 'hideRfBrowser': False}</msg>
<status status="PASS" starttime="20211202 15:43:55.008" endtime="20211202 15:43:55.025"/>
</kw>
<kw name="New Page" library="Browser">
<arg>https://yodapp-testing.vercel.app</arg>
<tag>BrowserControl</tag>
<tag>Setter</tag>
<doc>Open a new Page. A Page is the Playwright equivalent to a tab.
See `Browser, Context and Page` for more information about Page concept.
Returns a stable identifier for the created page.</doc>
<msg timestamp="20211202 15:43:55.777" level="INFO">Successfully initialized new page object and opened url: https://yodapp-testing.vercel.app</msg>
<status status="PASS" starttime="20211202 15:43:55.025" endtime="20211202 15:43:55.777"/>
</kw>
<status status="PASS" starttime="20211202 15:43:54.734" endtime="20211202 15:43:55.778"/>
</kw>
<kw name="Go To User Form" library="actions">
<kw name="Click" library="Browser">
<arg>text=Novo</arg>
<tag>PageContent</tag>
<tag>Setter</tag>
<doc>Simulates mouse click on the element found by ``selector``.</doc>
<status status="PASS" starttime="20211202 15:43:55.779" endtime="20211202 15:43:55.892"/>
</kw>
<kw name="Wait For Elements State" library="Browser">
<arg>css=.card-header-title &gt;&gt; text=Cadastrar novo usuário</arg>
<arg>visible</arg>
<arg>5</arg>
<tag>PageContent</tag>
<tag>Wait</tag>
<doc>Waits for the element found by ``selector`` to satisfy state option.</doc>
<msg timestamp="20211202 15:43:56.051" level="INFO">Waited for Element with selector css=.card-header-title &gt;&gt; text=Cadastrar novo usuário at state visible</msg>
<status status="PASS" starttime="20211202 15:43:55.893" endtime="20211202 15:43:56.051"/>
</kw>
<status status="PASS" starttime="20211202 15:43:55.778" endtime="20211202 15:43:56.051"/>
</kw>
<kw name="Fill User Form" library="actions">
<arg>Mestre Yoda</arg>
<arg>yodinha@jedi.com</arg>
<arg>Jedi</arg>
<arg>fevereiro-1970-20</arg>
<arg>@yodinha</arg>
<kw name="Fill Text" library="Browser">
<arg>css=input[name="nome"]</arg>
<arg>${name}</arg>
<tag>PageContent</tag>
<tag>Setter</tag>
<doc>Clears and fills the given ``txt`` into the text field found by ``selector``.</doc>
<msg timestamp="20211202 15:43:56.052" level="INFO">Fills the text 'Mestre Yoda' in the given field.</msg>
<status status="PASS" starttime="20211202 15:43:56.052" endtime="20211202 15:43:56.073"/>
</kw>
<kw name="Fill Text" library="Browser">
<arg>css=input[name="email"]</arg>
<arg>${email}</arg>
<tag>PageContent</tag>
<tag>Setter</tag>
<doc>Clears and fills the given ``txt`` into the text field found by ``selector``.</doc>
<msg timestamp="20211202 15:43:56.073" level="INFO">Fills the text 'yodinha@jedi.com' in the given field.</msg>
<status status="PASS" starttime="20211202 15:43:56.073" endtime="20211202 15:43:56.092"/>
</kw>
<kw name="Select Options By" library="Browser">
<arg>css=.ordem select</arg>
<arg>text</arg>
<arg>${ordem}</arg>
<tag>PageContent</tag>
<tag>Setter</tag>
<doc>Selects options from select element found by ``selector``.</doc>
<status status="PASS" starttime="20211202 15:43:56.092" endtime="20211202 15:43:56.108"/>
</kw>
<kw name="Select Birth Date" library="actions">
<arg>${bdate}</arg>
<kw name="Split String" library="String">
<var>@{date}</var>
<arg>${text_date}</arg>
<arg>-</arg>
<doc>Splits the ``string`` using ``separator`` as a delimiter string.</doc>
<msg timestamp="20211202 15:43:56.119" level="INFO">@{date} = [ fevereiro | 1970 | 20 ]</msg>
<status status="PASS" starttime="20211202 15:43:56.118" endtime="20211202 15:43:56.119"/>
</kw>
<kw name="Click" library="Browser">
<arg>css=input[name="Data de nascimento"]</arg>
<tag>PageContent</tag>
<tag>Setter</tag>
<doc>Simulates mouse click on the element found by ``selector``.</doc>
<status status="PASS" starttime="20211202 15:43:56.119" endtime="20211202 15:43:56.227"/>
</kw>
<kw name="Select Options By" library="Browser">
<arg>xpath=(//header[@class="datepicker-header"]//select)[1]</arg>
<arg>text</arg>
<arg>${date}[0]</arg>
<tag>PageContent</tag>
<tag>Setter</tag>
<doc>Selects options from select element found by ``selector``.</doc>
<status status="PASS" starttime="20211202 15:43:56.227" endtime="20211202 15:43:56.246"/>
</kw>
<kw name="Select Options By" library="Browser">
<arg>xpath=(//header[@class="datepicker-header"]//select)[2]</arg>
<arg>text</arg>
<arg>${date}[1]</arg>
<tag>PageContent</tag>
<tag>Setter</tag>
<doc>Selects options from select element found by ``selector``.</doc>
<status status="PASS" starttime="20211202 15:43:56.246" endtime="20211202 15:43:56.262"/>
</kw>
<kw name="Click" library="Browser">
<arg>xpath=//a[contains(@class, "datepicker-cell")]//span[text()="${date}[2]"]</arg>
<tag>PageContent</tag>
<tag>Setter</tag>
<doc>Simulates mouse click on the element found by ``selector``.</doc>
<status status="PASS" starttime="20211202 15:43:56.262" endtime="20211202 15:43:56.314"/>
</kw>
<status status="PASS" starttime="20211202 15:43:56.108" endtime="20211202 15:43:56.314"/>
</kw>
<kw name="Fill Text" library="Browser">
<arg>id=insta</arg>
<arg>${insta}</arg>
<tag>PageContent</tag>
<tag>Setter</tag>
<doc>Clears and fills the given ``txt`` into the text field found by ``selector``.</doc>
<msg timestamp="20211202 15:43:56.314" level="INFO">Fills the text '@yodinha' in the given field.</msg>
<status status="PASS" starttime="20211202 15:43:56.314" endtime="20211202 15:43:56.338"/>
</kw>
<status status="PASS" starttime="20211202 15:43:56.052" endtime="20211202 15:43:56.338"/>
</kw>
<kw name="Select Jedi" library="actions">
<arg>Cavaleiro Jedi</arg>
<kw name="Click" library="Browser">
<arg>xpath=//input[@value="${tpjedi}"]/..//span[@class="check"]</arg>
<tag>PageContent</tag>
<tag>Setter</tag>
<doc>Simulates mouse click on the element found by ``selector``.</doc>
<status status="PASS" starttime="20211202 15:43:56.341" endtime="20211202 15:43:56.392"/>
</kw>
<status status="PASS" starttime="20211202 15:43:56.340" endtime="20211202 15:43:56.392"/>
</kw>
<kw name="Check Accept Comunications" library="actions">
<kw name="Click" library="Browser">
<arg>xpath=//input[@name="comunications"]/../span[@class="check"]</arg>
<tag>PageContent</tag>
<tag>Setter</tag>
<doc>Simulates mouse click on the element found by ``selector``.</doc>
<status status="PASS" starttime="20211202 15:43:56.393" endtime="20211202 15:43:56.477"/>
</kw>
<status status="PASS" starttime="20211202 15:43:56.392" endtime="20211202 15:43:56.477"/>
</kw>
<kw name="Submit User Form" library="actions">
<kw name="Click" library="Browser">
<arg>css=button &gt;&gt; text=Cadastrar</arg>
<tag>PageContent</tag>
<tag>Setter</tag>
<doc>Simulates mouse click on the element found by ``selector``.</doc>
<status status="PASS" starttime="20211202 15:43:56.478" endtime="20211202 15:43:56.531"/>
</kw>
<status status="PASS" starttime="20211202 15:43:56.478" endtime="20211202 15:43:56.531"/>
</kw>
<kw name="Toaster Message Should Be" library="actions">
<arg>Usuário cadastrado com sucesso!</arg>
<kw name="Wait For Elements State" library="Browser">
<arg>css=.toast div &gt;&gt; text=${expected_message}</arg>
<arg>visible</arg>
<arg>5</arg>
<tag>PageContent</tag>
<tag>Wait</tag>
<doc>Waits for the element found by ``selector`` to satisfy state option.</doc>
<msg timestamp="20211202 15:43:56.542" level="INFO">Waited for Element with selector css=.toast div &gt;&gt; text=Usuário cadastrado com sucesso! at state visible</msg>
<status status="PASS" starttime="20211202 15:43:56.532" endtime="20211202 15:43:56.542"/>
</kw>
<status status="PASS" starttime="20211202 15:43:56.531" endtime="20211202 15:43:56.542"/>
</kw>
<kw name="End Session" library="base" type="TEARDOWN">
<kw name="Take Screenshot" library="Browser">
<tag>PageContent</tag>
<doc>Takes a screenshot of the current window or element and saves it to disk.</doc>
<msg timestamp="20211202 15:43:56.719" level="INFO" html="true">&lt;/td&gt;&lt;/tr&gt;&lt;tr&gt;&lt;td colspan="3"&gt;&lt;a href="browser/screenshot/robotframework-browser-screenshot-1.png"&gt;&lt;img src="browser/screenshot/robotframework-browser-screenshot-1.png" width="800px"&gt;&lt;/a&gt;</msg>
<status status="PASS" starttime="20211202 15:43:56.542" endtime="20211202 15:43:56.719"/>
</kw>
<status status="PASS" starttime="20211202 15:43:56.542" endtime="20211202 15:43:56.719"/>
</kw>
<tag>happy</tag>
<status status="PASS" starttime="20211202 15:43:54.732" endtime="20211202 15:43:56.720"/>
</test>
<test id="s1-s1-t2" name="E-mail incorreto">
<kw name="Start Session" library="base" type="SETUP">
<kw name="New Browser" library="Browser">
<arg>chromium</arg>
<arg>headless=False</arg>
<tag>BrowserControl</tag>
<tag>Setter</tag>
<doc>Create a new playwright Browser with specified options.</doc>
<msg timestamp="20211202 15:43:56.794" level="INFO">{"browser": "chromium", "headless": false, "handleSIGINT": true, "handleSIGTERM": true, "handleSIGHUP": true, "timeout": 30000.0, "devtools": false, "slowMo": 0.0, "tracesDir": "C:\\Projects\\yodapp\\logs\\browser\\traces\\9e8f4187-6e0e-4bd4-9f7a-56c70d060967"}</msg>
<msg timestamp="20211202 15:43:57.078" level="INFO">Successfully created browser with options: {"browser":"chromium","headless":false,"handleSIGINT":true,"handleSIGTERM":true,"handleSIGHUP":true,"timeout":30000,"devtools":false,"slowMo":0,"tracesDir":"C:\\Projects\\yodapp\\logs\\browser\\traces\\9e8f4187-6e0e-4bd4-9f7a-56c70d060967"}</msg>
<status status="PASS" starttime="20211202 15:43:56.794" endtime="20211202 15:43:57.078"/>
</kw>
<kw name="New Context" library="Browser">
<arg>viewport={'width': 1920, 'height': 1080}</arg>
<tag>BrowserControl</tag>
<tag>Setter</tag>
<doc>Create a new BrowserContext with specified options.</doc>
<msg timestamp="20211202 15:43:57.079" level="INFO">{"acceptDownloads": false, "ignoreHTTPSErrors": false, "bypassCSP": false, "viewport": {"width": 1920, "height": 1080}, "deviceScaleFactor": 1.0, "isMobile": false, "hasTouch": false, "javaScriptEnabled": true, "offline": false, "hideRfBrowser": false}</msg>
<msg timestamp="20211202 15:43:57.089" level="INFO">Successfully created context. </msg>
<msg timestamp="20211202 15:43:57.089" level="INFO">{'acceptDownloads': False, 'ignoreHTTPSErrors': False, 'bypassCSP': False, 'viewport': {'width': 1920, 'height': 1080}, 'deviceScaleFactor': 1, 'isMobile': False, 'hasTouch': False, 'javaScriptEnabled': True, 'offline': False, 'hideRfBrowser': False}</msg>
<status status="PASS" starttime="20211202 15:43:57.079" endtime="20211202 15:43:57.090"/>
</kw>
<kw name="New Page" library="Browser">
<arg>https://yodapp-testing.vercel.app</arg>
<tag>BrowserControl</tag>
<tag>Setter</tag>
<doc>Open a new Page. A Page is the Playwright equivalent to a tab.
See `Browser, Context and Page` for more information about Page concept.
Returns a stable identifier for the created page.</doc>
<msg timestamp="20211202 15:43:57.815" level="INFO">Successfully initialized new page object and opened url: https://yodapp-testing.vercel.app</msg>
<status status="PASS" starttime="20211202 15:43:57.090" endtime="20211202 15:43:57.815"/>
</kw>
<status status="PASS" starttime="20211202 15:43:56.793" endtime="20211202 15:43:57.815"/>
</kw>
<kw name="Go To User Form" library="actions">
<kw name="Click" library="Browser">
<arg>text=Novo</arg>
<tag>PageContent</tag>
<tag>Setter</tag>
<doc>Simulates mouse click on the element found by ``selector``.</doc>
<status status="PASS" starttime="20211202 15:43:57.817" endtime="20211202 15:43:57.915"/>
</kw>
<kw name="Wait For Elements State" library="Browser">
<arg>css=.card-header-title &gt;&gt; text=Cadastrar novo usuário</arg>
<arg>visible</arg>
<arg>5</arg>
<tag>PageContent</tag>
<tag>Wait</tag>
<doc>Waits for the element found by ``selector`` to satisfy state option.</doc>
<msg timestamp="20211202 15:43:58.074" level="INFO">Waited for Element with selector css=.card-header-title &gt;&gt; text=Cadastrar novo usuário at state visible</msg>
<status status="PASS" starttime="20211202 15:43:57.915" endtime="20211202 15:43:58.074"/>
</kw>
<status status="PASS" starttime="20211202 15:43:57.816" endtime="20211202 15:43:58.074"/>
</kw>
<kw name="Fill User Form" library="actions">
<arg>Darth Vader</arg>
<arg>vader&amp;darth.com</arg>
<arg>Sith</arg>
<arg>dezembro-1980-15</arg>
<arg>@darthzinho</arg>
<kw name="Fill Text" library="Browser">
<arg>css=input[name="nome"]</arg>
<arg>${name}</arg>
<tag>PageContent</tag>
<tag>Setter</tag>
<doc>Clears and fills the given ``txt`` into the text field found by ``selector``.</doc>
<msg timestamp="20211202 15:43:58.075" level="INFO">Fills the text 'Darth Vader' in the given field.</msg>
<status status="PASS" starttime="20211202 15:43:58.075" endtime="20211202 15:43:58.094"/>
</kw>
<kw name="Fill Text" library="Browser">
<arg>css=input[name="email"]</arg>
<arg>${email}</arg>
<tag>PageContent</tag>
<tag>Setter</tag>
<doc>Clears and fills the given ``txt`` into the text field found by ``selector``.</doc>
<msg timestamp="20211202 15:43:58.094" level="INFO">Fills the text 'vader&amp;darth.com' in the given field.</msg>
<status status="PASS" starttime="20211202 15:43:58.094" endtime="20211202 15:43:58.115"/>
</kw>
<kw name="Select Options By" library="Browser">
<arg>css=.ordem select</arg>
<arg>text</arg>
<arg>${ordem}</arg>
<tag>PageContent</tag>
<tag>Setter</tag>
<doc>Selects options from select element found by ``selector``.</doc>
<status status="PASS" starttime="20211202 15:43:58.115" endtime="20211202 15:43:58.133"/>
</kw>
<kw name="Select Birth Date" library="actions">
<arg>${bdate}</arg>
<kw name="Split String" library="String">
<var>@{date}</var>
<arg>${text_date}</arg>
<arg>-</arg>
<doc>Splits the ``string`` using ``separator`` as a delimiter string.</doc>
<msg timestamp="20211202 15:43:58.134" level="INFO">@{date} = [ dezembro | 1980 | 15 ]</msg>
<status status="PASS" starttime="20211202 15:43:58.134" endtime="20211202 15:43:58.134"/>
</kw>
<kw name="Click" library="Browser">
<arg>css=input[name="Data de nascimento"]</arg>
<tag>PageContent</tag>
<tag>Setter</tag>
<doc>Simulates mouse click on the element found by ``selector``.</doc>
<status status="PASS" starttime="20211202 15:43:58.134" endtime="20211202 15:43:58.257"/>
</kw>
<kw name="Select Options By" library="Browser">
<arg>xpath=(//header[@class="datepicker-header"]//select)[1]</arg>
<arg>text</arg>
<arg>${date}[0]</arg>
<tag>PageContent</tag>
<tag>Setter</tag>
<doc>Selects options from select element found by ``selector``.</doc>
<status status="PASS" starttime="20211202 15:43:58.257" endtime="20211202 15:43:58.267"/>
</kw>
<kw name="Select Options By" library="Browser">
<arg>xpath=(//header[@class="datepicker-header"]//select)[2]</arg>
<arg>text</arg>
<arg>${date}[1]</arg>
<tag>PageContent</tag>
<tag>Setter</tag>
<doc>Selects options from select element found by ``selector``.</doc>
<status status="PASS" starttime="20211202 15:43:58.267" endtime="20211202 15:43:58.285"/>
</kw>
<kw name="Click" library="Browser">
<arg>xpath=//a[contains(@class, "datepicker-cell")]//span[text()="${date}[2]"]</arg>
<tag>PageContent</tag>
<tag>Setter</tag>
<doc>Simulates mouse click on the element found by ``selector``.</doc>
<status status="PASS" starttime="20211202 15:43:58.285" endtime="20211202 15:43:58.346"/>
</kw>
<status status="PASS" starttime="20211202 15:43:58.134" endtime="20211202 15:43:58.347"/>
</kw>
<kw name="Fill Text" library="Browser">
<arg>id=insta</arg>
<arg>${insta}</arg>
<tag>PageContent</tag>
<tag>Setter</tag>
<doc>Clears and fills the given ``txt`` into the text field found by ``selector``.</doc>
<msg timestamp="20211202 15:43:58.349" level="INFO">Fills the text '@darthzinho' in the given field.</msg>
<status status="PASS" starttime="20211202 15:43:58.347" endtime="20211202 15:43:58.369"/>
</kw>
<status status="PASS" starttime="20211202 15:43:58.075" endtime="20211202 15:43:58.369"/>
</kw>
<kw name="Check Accept Comunications" library="actions">
<kw name="Click" library="Browser">
<arg>xpath=//input[@name="comunications"]/../span[@class="check"]</arg>
<tag>PageContent</tag>
<tag>Setter</tag>
<doc>Simulates mouse click on the element found by ``selector``.</doc>
<status status="PASS" starttime="20211202 15:43:58.370" endtime="20211202 15:43:58.524"/>
</kw>
<status status="PASS" starttime="20211202 15:43:58.370" endtime="20211202 15:43:58.524"/>
</kw>
<kw name="Submit User Form" library="actions">
<kw name="Click" library="Browser">
<arg>css=button &gt;&gt; text=Cadastrar</arg>
<tag>PageContent</tag>
<tag>Setter</tag>
<doc>Simulates mouse click on the element found by ``selector``.</doc>
<status status="PASS" starttime="20211202 15:43:58.525" endtime="20211202 15:43:58.576"/>
</kw>
<status status="PASS" starttime="20211202 15:43:58.525" endtime="20211202 15:43:58.576"/>
</kw>
<kw name="Toaster Message Should Be" library="actions">
<arg>Oops! O email é incorreto.</arg>
<kw name="Wait For Elements State" library="Browser">
<arg>css=.toast div &gt;&gt; text=${expected_message}</arg>
<arg>visible</arg>
<arg>5</arg>
<tag>PageContent</tag>
<tag>Wait</tag>
<doc>Waits for the element found by ``selector`` to satisfy state option.</doc>
<msg timestamp="20211202 15:43:58.582" level="INFO">Waited for Element with selector css=.toast div &gt;&gt; text=Oops! O email é incorreto. at state visible</msg>
<status status="PASS" starttime="20211202 15:43:58.577" endtime="20211202 15:43:58.583"/>
</kw>
<status status="PASS" starttime="20211202 15:43:58.577" endtime="20211202 15:43:58.583"/>
</kw>
<kw name="End Session" library="base" type="TEARDOWN">
<kw name="Take Screenshot" library="Browser">
<tag>PageContent</tag>
<doc>Takes a screenshot of the current window or element and saves it to disk.</doc>
<msg timestamp="20211202 15:43:58.756" level="INFO" html="true">&lt;/td&gt;&lt;/tr&gt;&lt;tr&gt;&lt;td colspan="3"&gt;&lt;a href="browser/screenshot/robotframework-browser-screenshot-2.png"&gt;&lt;img src="browser/screenshot/robotframework-browser-screenshot-2.png" width="800px"&gt;&lt;/a&gt;</msg>
<status status="PASS" starttime="20211202 15:43:58.583" endtime="20211202 15:43:58.757"/>
</kw>
<status status="PASS" starttime="20211202 15:43:58.583" endtime="20211202 15:43:58.757"/>
</kw>
<tag>inv-email</tag>
<status status="PASS" starttime="20211202 15:43:56.788" endtime="20211202 15:43:58.758"/>
</test>
<doc>Suíte de testes para cadastro de personagens</doc>
<status status="PASS" starttime="20211202 15:43:54.030" endtime="20211202 15:43:58.820"/>
</suite>
<suite id="s1-s2" name="Online" source="C:\Projects\yodapp\tests\online.robot">
<test id="s1-s2-t1" name="Yodapp deve estar online">
<kw name="Start Session" library="base" type="SETUP">
<kw name="New Browser" library="Browser">
<arg>chromium</arg>
<arg>headless=False</arg>
<tag>BrowserControl</tag>
<tag>Setter</tag>
<doc>Create a new playwright Browser with specified options.</doc>
<msg timestamp="20211202 15:43:58.835" level="INFO">{"browser": "chromium", "headless": false, "handleSIGINT": true, "handleSIGTERM": true, "handleSIGHUP": true, "timeout": 30000.0, "devtools": false, "slowMo": 0.0, "tracesDir": "C:\\Projects\\yodapp\\logs\\browser\\traces\\38908799-252c-4643-b42b-abb8ed512f7a"}</msg>
<msg timestamp="20211202 15:43:59.098" level="INFO">Successfully created browser with options: {"browser":"chromium","headless":false,"handleSIGINT":true,"handleSIGTERM":true,"handleSIGHUP":true,"timeout":30000,"devtools":false,"slowMo":0,"tracesDir":"C:\\Projects\\yodapp\\logs\\browser\\traces\\38908799-252c-4643-b42b-abb8ed512f7a"}</msg>
<status status="PASS" starttime="20211202 15:43:58.834" endtime="20211202 15:43:59.098"/>
</kw>
<kw name="New Context" library="Browser">
<arg>viewport={'width': 1920, 'height': 1080}</arg>
<tag>BrowserControl</tag>
<tag>Setter</tag>
<doc>Create a new BrowserContext with specified options.</doc>
<msg timestamp="20211202 15:43:59.099" level="INFO">{"acceptDownloads": false, "ignoreHTTPSErrors": false, "bypassCSP": false, "viewport": {"width": 1920, "height": 1080}, "deviceScaleFactor": 1.0, "isMobile": false, "hasTouch": false, "javaScriptEnabled": true, "offline": false, "hideRfBrowser": false}</msg>
<msg timestamp="20211202 15:43:59.112" level="INFO">Successfully created context. </msg>
<msg timestamp="20211202 15:43:59.112" level="INFO">{'acceptDownloads': False, 'ignoreHTTPSErrors': False, 'bypassCSP': False, 'viewport': {'width': 1920, 'height': 1080}, 'deviceScaleFactor': 1, 'isMobile': False, 'hasTouch': False, 'javaScriptEnabled': True, 'offline': False, 'hideRfBrowser': False}</msg>
<status status="PASS" starttime="20211202 15:43:59.098" endtime="20211202 15:43:59.112"/>
</kw>
<kw name="New Page" library="Browser">
<arg>https://yodapp-testing.vercel.app</arg>
<tag>BrowserControl</tag>
<tag>Setter</tag>
<doc>Open a new Page. A Page is the Playwright equivalent to a tab.
See `Browser, Context and Page` for more information about Page concept.
Returns a stable identifier for the created page.</doc>
<msg timestamp="20211202 15:43:59.842" level="INFO">Successfully initialized new page object and opened url: https://yodapp-testing.vercel.app</msg>
<status status="PASS" starttime="20211202 15:43:59.112" endtime="20211202 15:43:59.843"/>
</kw>
<status status="PASS" starttime="20211202 15:43:58.834" endtime="20211202 15:43:59.843"/>
</kw>
<kw name="Get Title" library="Browser">
<arg>equal</arg>
<arg>Yodapp | QAninja</arg>
<tag>Assertion</tag>
<tag>Getter</tag>
<tag>PageContent</tag>
<doc>Returns the title of the current page.</doc>
<status status="PASS" starttime="20211202 15:43:59.843" endtime="20211202 15:43:59.847"/>
</kw>
<kw name="End Session" library="base" type="TEARDOWN">
<kw name="Take Screenshot" library="Browser">
<tag>PageContent</tag>
<doc>Takes a screenshot of the current window or element and saves it to disk.</doc>
<msg timestamp="20211202 15:44:00.112" level="INFO" html="true">&lt;/td&gt;&lt;/tr&gt;&lt;tr&gt;&lt;td colspan="3"&gt;&lt;a href="browser/screenshot/robotframework-browser-screenshot-3.png"&gt;&lt;img src="browser/screenshot/robotframework-browser-screenshot-3.png" width="800px"&gt;&lt;/a&gt;</msg>
<status status="PASS" starttime="20211202 15:43:59.848" endtime="20211202 15:44:00.112"/>
</kw>
<status status="PASS" starttime="20211202 15:43:59.848" endtime="20211202 15:44:00.113"/>
</kw>
<status status="PASS" starttime="20211202 15:43:58.832" endtime="20211202 15:44:00.113"/>
</test>
<test id="s1-s2-t2" name="Validar mensagem de boas vindas">
<kw name="Start Session" library="base" type="SETUP">
<kw name="New Browser" library="Browser">
<arg>chromium</arg>
<arg>headless=False</arg>
<tag>BrowserControl</tag>
<tag>Setter</tag>
<doc>Create a new playwright Browser with specified options.</doc>
<msg timestamp="20211202 15:44:00.173" level="INFO">{"browser": "chromium", "headless": false, "handleSIGINT": true, "handleSIGTERM": true, "handleSIGHUP": true, "timeout": 30000.0, "devtools": false, "slowMo": 0.0, "tracesDir": "C:\\Projects\\yodapp\\logs\\browser\\traces\\db9ae79f-c083-48a6-a62b-b59cafc44466"}</msg>
<msg timestamp="20211202 15:44:00.434" level="INFO">Successfully created browser with options: {"browser":"chromium","headless":false,"handleSIGINT":true,"handleSIGTERM":true,"handleSIGHUP":true,"timeout":30000,"devtools":false,"slowMo":0,"tracesDir":"C:\\Projects\\yodapp\\logs\\browser\\traces\\db9ae79f-c083-48a6-a62b-b59cafc44466"}</msg>
<status status="PASS" starttime="20211202 15:44:00.172" endtime="20211202 15:44:00.435"/>
</kw>
<kw name="New Context" library="Browser">
<arg>viewport={'width': 1920, 'height': 1080}</arg>
<tag>BrowserControl</tag>
<tag>Setter</tag>
<doc>Create a new BrowserContext with specified options.</doc>
<msg timestamp="20211202 15:44:00.436" level="INFO">{"acceptDownloads": false, "ignoreHTTPSErrors": false, "bypassCSP": false, "viewport": {"width": 1920, "height": 1080}, "deviceScaleFactor": 1.0, "isMobile": false, "hasTouch": false, "javaScriptEnabled": true, "offline": false, "hideRfBrowser": false}</msg>
<msg timestamp="20211202 15:44:00.446" level="INFO">Successfully created context. </msg>
<msg timestamp="20211202 15:44:00.446" level="INFO">{'acceptDownloads': False, 'ignoreHTTPSErrors': False, 'bypassCSP': False, 'viewport': {'width': 1920, 'height': 1080}, 'deviceScaleFactor': 1, 'isMobile': False, 'hasTouch': False, 'javaScriptEnabled': True, 'offline': False, 'hideRfBrowser': False}</msg>
<status status="PASS" starttime="20211202 15:44:00.435" endtime="20211202 15:44:00.447"/>
</kw>
<kw name="New Page" library="Browser">
<arg>https://yodapp-testing.vercel.app</arg>
<tag>BrowserControl</tag>
<tag>Setter</tag>
<doc>Open a new Page. A Page is the Playwright equivalent to a tab.
See `Browser, Context and Page` for more information about Page concept.
Returns a stable identifier for the created page.</doc>
<msg timestamp="20211202 15:44:01.191" level="INFO">Successfully initialized new page object and opened url: https://yodapp-testing.vercel.app</msg>
<status status="PASS" starttime="20211202 15:44:00.447" endtime="20211202 15:44:01.191"/>
</kw>
<status status="PASS" starttime="20211202 15:44:00.171" endtime="20211202 15:44:01.192"/>
</kw>
<kw name="Wait For Elements State" library="Browser">
<arg>css=.navbar-item &gt;&gt; text=Que a Força (qualidade) esteja com você!</arg>
<arg>visible</arg>
<arg>5</arg>
<tag>PageContent</tag>
<tag>Wait</tag>
<doc>Waits for the element found by ``selector`` to satisfy state option.</doc>
<msg timestamp="20211202 15:44:01.211" level="INFO">Waited for Element with selector css=.navbar-item &gt;&gt; text=Que a Força (qualidade) esteja com você! at state visible</msg>
<status status="PASS" starttime="20211202 15:44:01.192" endtime="20211202 15:44:01.211"/>
</kw>
<kw name="End Session" library="base" type="TEARDOWN">
<kw name="Take Screenshot" library="Browser">
<tag>PageContent</tag>
<doc>Takes a screenshot of the current window or element and saves it to disk.</doc>
<msg timestamp="20211202 15:44:01.507" level="INFO" html="true">&lt;/td&gt;&lt;/tr&gt;&lt;tr&gt;&lt;td colspan="3"&gt;&lt;a href="browser/screenshot/robotframework-browser-screenshot-4.png"&gt;&lt;img src="browser/screenshot/robotframework-browser-screenshot-4.png" width="800px"&gt;&lt;/a&gt;</msg>
<status status="PASS" starttime="20211202 15:44:01.212" endtime="20211202 15:44:01.507"/>
</kw>
<status status="PASS" starttime="20211202 15:44:01.211" endtime="20211202 15:44:01.507"/>
</kw>
<status status="PASS" starttime="20211202 15:44:00.169" endtime="20211202 15:44:01.509"/>
</test>
<doc>Suíte de testes para verificar se o Yodapp está online</doc>
<status status="PASS" starttime="20211202 15:43:58.826" endtime="20211202 15:44:01.564"/>
</suite>
<status status="PASS" starttime="20211202 15:43:54.012" endtime="20211202 15:44:01.567"/>
</suite>
<statistics>
<total>
<stat pass="4" fail="0" skip="0">All Tests</stat>
</total>
<tag>
<stat pass="1" fail="0" skip="0">happy</stat>
<stat pass="1" fail="0" skip="0">inv-email</stat>
</tag>
<suite>
<stat pass="4" fail="0" skip="0" id="s1" name="Tests">Tests</stat>
<stat pass="2" fail="0" skip="0" id="s1-s1" name="Cadastro">Tests.Cadastro</stat>
<stat pass="2" fail="0" skip="0" id="s1-s2" name="Online">Tests.Online</stat>
</suite>
</statistics>
<errors>
</errors>
</robot>
