<?xml version="1.0" encoding="UTF-8"?>
<robot generator="Robot 4.1.2 (Python 3.10.0 on win32)" generated="20211206 14:15:30.473" rpa="false" schemaversion="2">
<suite id="s1" name="Tests" source="C:\Projects\yodapp\tests">
<suite id="s1-s1" name="Cadastro" source="C:\Projects\yodapp\tests\cadastro.robot">
<test id="s1-s1-t1" name="Cadastrar um novo personagem">
<kw name="Start Session" library="base" type="SETUP">
<kw name="New Browser" library="Browser">
<arg>chromium</arg>
<arg>headless=False</arg>
<tag>BrowserControl</tag>
<tag>Setter</tag>
<doc>Create a new playwright Browser with specified options.</doc>
<msg timestamp="20211206 14:15:31.199" level="INFO">{"browser": "chromium", "headless": false, "handleSIGINT": true, "handleSIGTERM": true, "handleSIGHUP": true, "timeout": 30000.0, "devtools": false, "slowMo": 0.0, "tracesDir": "C:\\Projects\\yodapp\\logs\\browser\\traces\\742eee33-28ce-40f6-a6a1-580885c37ae1"}</msg>
<msg timestamp="20211206 14:15:31.494" level="INFO">Successfully created browser with options: {"browser":"chromium","headless":false,"handleSIGINT":true,"handleSIGTERM":true,"handleSIGHUP":true,"timeout":30000,"devtools":false,"slowMo":0,"tracesDir":"C:\\Projects\\yodapp\\logs\\browser\\traces\\742eee33-28ce-40f6-a6a1-580885c37ae1"}</msg>
<status status="PASS" starttime="20211206 14:15:31.199" endtime="20211206 14:15:31.494"/>
</kw>
<kw name="New Context" library="Browser">
<arg>viewport={'width': 1920, 'height': 1080}</arg>
<tag>BrowserControl</tag>
<tag>Setter</tag>
<doc>Create a new BrowserContext with specified options.</doc>
<msg timestamp="20211206 14:15:31.497" level="INFO">{"acceptDownloads": false, "ignoreHTTPSErrors": false, "bypassCSP": false, "viewport": {"width": 1920, "height": 1080}, "deviceScaleFactor": 1.0, "isMobile": false, "hasTouch": false, "javaScriptEnabled": true, "offline": false, "hideRfBrowser": false}</msg>
<msg timestamp="20211206 14:15:31.513" level="INFO">Successfully created context. </msg>
<msg timestamp="20211206 14:15:31.513" level="INFO">{'acceptDownloads': False, 'ignoreHTTPSErrors': False, 'bypassCSP': False, 'viewport': {'width': 1920, 'height': 1080}, 'deviceScaleFactor': 1, 'isMobile': False, 'hasTouch': False, 'javaScriptEnabled': True, 'offline': False, 'hideRfBrowser': False}</msg>
<status status="PASS" starttime="20211206 14:15:31.495" endtime="20211206 14:15:31.513"/>
</kw>
<kw name="New Page" library="Browser">
<arg>${base_url}</arg>
<tag>BrowserControl</tag>
<tag>Setter</tag>
<doc>Open a new Page. A Page is the Playwright equivalent to a tab.
See `Browser, Context and Page` for more information about Page concept.
Returns a stable identifier for the created page.</doc>
<msg timestamp="20211206 14:15:32.289" level="INFO">Successfully initialized new page object and opened url: https://yodapp-testing.vercel.app</msg>
<status status="PASS" starttime="20211206 14:15:31.514" endtime="20211206 14:15:32.290"/>
</kw>
<status status="PASS" starttime="20211206 14:15:31.199" endtime="20211206 14:15:32.290"/>
</kw>
<kw name="Factory Yoda" library="users">
<var>${user}</var>
<msg timestamp="20211206 14:15:32.290" level="INFO">${user} = {'name': 'Mestre Yoda', 'email': 'yodinha@jedi.com', 'ordem': 'Jedi', 'tpjedi': 'Cavaleiro Jedi', 'bdate': 'fevereiro-1970-20', 'insta': '@yodinha'}</msg>
<status status="PASS" starttime="20211206 14:15:32.290" endtime="20211206 14:15:32.290"/>
</kw>
<kw name="Go To User Form" library="actions">
<kw name="Click" library="Browser">
<arg>text=Novo</arg>
<tag>PageContent</tag>
<tag>Setter</tag>
<doc>Simulates mouse click on the element found by ``selector``.</doc>
<status status="PASS" starttime="20211206 14:15:32.291" endtime="20211206 14:15:32.401"/>
</kw>
<kw name="Wait For Elements State" library="Browser">
<arg>css=.card-header-title &gt;&gt; text=Cadastrar novo usuário</arg>
<arg>visible</arg>
<arg>5</arg>
<tag>PageContent</tag>
<tag>Wait</tag>
<doc>Waits for the element found by ``selector`` to satisfy state option.</doc>
<msg timestamp="20211206 14:15:32.566" level="INFO">Waited for Element with selector css=.card-header-title &gt;&gt; text=Cadastrar novo usuário at state visible</msg>
<status status="PASS" starttime="20211206 14:15:32.401" endtime="20211206 14:15:32.566"/>
</kw>
<status status="PASS" starttime="20211206 14:15:32.291" endtime="20211206 14:15:32.566"/>
</kw>
<kw name="Fill User Form" library="actions">
<arg>${user}</arg>
<kw name="Fill Text" library="Browser">
<arg>css=input[name="nome"]</arg>
<arg>${user}[name]</arg>
<tag>PageContent</tag>
<tag>Setter</tag>
<doc>Clears and fills the given ``txt`` into the text field found by ``selector``.</doc>
<msg timestamp="20211206 14:15:32.567" level="INFO">Fills the text 'Mestre Yoda' in the given field.</msg>
<status status="PASS" starttime="20211206 14:15:32.567" endtime="20211206 14:15:32.588"/>
</kw>
<kw name="Fill Text" library="Browser">
<arg>css=input[name="email"]</arg>
<arg>${user}[email]</arg>
<tag>PageContent</tag>
<tag>Setter</tag>
<doc>Clears and fills the given ``txt`` into the text field found by ``selector``.</doc>
<msg timestamp="20211206 14:15:32.588" level="INFO">Fills the text 'yodinha@jedi.com' in the given field.</msg>
<status status="PASS" starttime="20211206 14:15:32.588" endtime="20211206 14:15:32.607"/>
</kw>
<kw name="Select Options By" library="Browser">
<arg>css=.ordem select</arg>
<arg>text</arg>
<arg>${user}[ordem]</arg>
<tag>PageContent</tag>
<tag>Setter</tag>
<doc>Selects options from select element found by ``selector``.</doc>
<status status="PASS" starttime="20211206 14:15:32.607" endtime="20211206 14:15:32.630"/>
</kw>
<kw name="Select Birth Date" library="actions">
<arg>${user}[bdate]</arg>
<kw name="Split String" library="String">
<var>@{date}</var>
<arg>${text_date}</arg>
<arg>-</arg>
<doc>Splits the ``string`` using ``separator`` as a delimiter string.</doc>
<msg timestamp="20211206 14:15:32.630" level="INFO">@{date} = [ fevereiro | 1970 | 20 ]</msg>
<status status="PASS" starttime="20211206 14:15:32.630" endtime="20211206 14:15:32.630"/>
</kw>
<kw name="Click" library="Browser">
<arg>css=input[name="Data de nascimento"]</arg>
<tag>PageContent</tag>
<tag>Setter</tag>
<doc>Simulates mouse click on the element found by ``selector``.</doc>
<status status="PASS" starttime="20211206 14:15:32.630" endtime="20211206 14:15:32.755"/>
</kw>
<kw name="Select Options By" library="Browser">
<arg>xpath=(//header[@class="datepicker-header"]//select)[1]</arg>
<arg>text</arg>
<arg>${date}[0]</arg>
<tag>PageContent</tag>
<tag>Setter</tag>
<doc>Selects options from select element found by ``selector``.</doc>
<status status="PASS" starttime="20211206 14:15:32.755" endtime="20211206 14:15:32.777"/>
</kw>
<kw name="Select Options By" library="Browser">
<arg>xpath=(//header[@class="datepicker-header"]//select)[2]</arg>
<arg>text</arg>
<arg>${date}[1]</arg>
<tag>PageContent</tag>
<tag>Setter</tag>
<doc>Selects options from select element found by ``selector``.</doc>
<status status="PASS" starttime="20211206 14:15:32.777" endtime="20211206 14:15:32.803"/>
</kw>
<kw name="Click" library="Browser">
<arg>xpath=//a[contains(@class, "datepicker-cell")]//span[text()="${date}[2]"]</arg>
<tag>PageContent</tag>
<tag>Setter</tag>
<doc>Simulates mouse click on the element found by ``selector``.</doc>
<status status="PASS" starttime="20211206 14:15:32.803" endtime="20211206 14:15:32.872"/>
</kw>
<status status="PASS" starttime="20211206 14:15:32.630" endtime="20211206 14:15:32.873"/>
</kw>
<kw name="Fill Text" library="Browser">
<arg>id=insta</arg>
<arg>${user}[insta]</arg>
<tag>PageContent</tag>
<tag>Setter</tag>
<doc>Clears and fills the given ``txt`` into the text field found by ``selector``.</doc>
<msg timestamp="20211206 14:15:32.873" level="INFO">Fills the text '@yodinha' in the given field.</msg>
<status status="PASS" starttime="20211206 14:15:32.873" endtime="20211206 14:15:32.899"/>
</kw>
<status status="PASS" starttime="20211206 14:15:32.567" endtime="20211206 14:15:32.899"/>
</kw>
<kw name="Select Jedi" library="actions">
<arg>${user}[tpjedi]</arg>
<kw name="Click" library="Browser">
<arg>xpath=//input[@value="${tpjedi}"]/..//span[@class="check"]</arg>
<tag>PageContent</tag>
<tag>Setter</tag>
<doc>Simulates mouse click on the element found by ``selector``.</doc>
<status status="PASS" starttime="20211206 14:15:32.899" endtime="20211206 14:15:32.947"/>
</kw>
<status status="PASS" starttime="20211206 14:15:32.899" endtime="20211206 14:15:32.947"/>
</kw>
<kw name="Check Accept Communications" library="actions">
<kw name="Click" library="Browser">
<arg>xpath=//input[@name="comunications"]/../span[@class="check"]</arg>
<tag>PageContent</tag>
<tag>Setter</tag>
<doc>Simulates mouse click on the element found by ``selector``.</doc>
<status status="PASS" starttime="20211206 14:15:32.948" endtime="20211206 14:15:33.103"/>
</kw>
<status status="PASS" starttime="20211206 14:15:32.947" endtime="20211206 14:15:33.103"/>
</kw>
<kw name="Submit User Form" library="actions">
<kw name="Click" library="Browser">
<arg>css=button &gt;&gt; text=Cadastrar</arg>
<tag>PageContent</tag>
<tag>Setter</tag>
<doc>Simulates mouse click on the element found by ``selector``.</doc>
<status status="PASS" starttime="20211206 14:15:33.104" endtime="20211206 14:15:33.169"/>
</kw>
<status status="PASS" starttime="20211206 14:15:33.104" endtime="20211206 14:15:33.169"/>
</kw>
<kw name="Toaster Message Should Be" library="actions">
<arg>Usuário cadastrado com sucesso!</arg>
<kw name="Set Variable" library="BuiltIn">
<var>${element}</var>
<arg>css=.toast div</arg>
<doc>Returns the given values which can then be assigned to a variables.</doc>
<msg timestamp="20211206 14:15:33.170" level="INFO">${element} = css=.toast div</msg>
<status status="PASS" starttime="20211206 14:15:33.170" endtime="20211206 14:15:33.170"/>
</kw>
<kw name="Wait For Elements State" library="Browser">
<arg>${element}</arg>
<arg>visible</arg>
<arg>5</arg>
<tag>PageContent</tag>
<tag>Wait</tag>
<doc>Waits for the element found by ``selector`` to satisfy state option.</doc>
<msg timestamp="20211206 14:15:33.189" level="INFO">Waited for Element with selector css=.toast div at state visible</msg>
<status status="PASS" starttime="20211206 14:15:33.170" endtime="20211206 14:15:33.189"/>
</kw>
<kw name="Get Text" library="Browser">
<arg>${element}</arg>
<arg>equal</arg>
<arg>${expected_message}</arg>
<tag>Assertion</tag>
<tag>Getter</tag>
<tag>PageContent</tag>
<doc>Returns text attribute of the element found by ``selector``.</doc>
<status status="PASS" starttime="20211206 14:15:33.189" endtime="20211206 14:15:33.217"/>
</kw>
<status status="PASS" starttime="20211206 14:15:33.170" endtime="20211206 14:15:33.217"/>
</kw>
<kw name="Go To Home Page" library="actions">
<kw name="Go To" library="Browser">
<arg>${base_url}</arg>
<tag>BrowserControl</tag>
<tag>Setter</tag>
<doc>Navigates to the given ``url``.</doc>
<msg timestamp="20211206 14:15:33.316" level="INFO">Successfully opened URL https://yodapp-testing.vercel.app</msg>
<status status="PASS" starttime="20211206 14:15:33.218" endtime="20211206 14:15:33.316"/>
</kw>
<kw name="Wait For Elements State" library="Browser">
<arg>css=.carousel</arg>
<arg>visible</arg>
<arg>5</arg>
<tag>PageContent</tag>
<tag>Wait</tag>
<doc>Waits for the element found by ``selector`` to satisfy state option.</doc>
<msg timestamp="20211206 14:15:33.337" level="INFO">Waited for Element with selector css=.carousel at state visible</msg>
<status status="PASS" starttime="20211206 14:15:33.317" endtime="20211206 14:15:33.337"/>
</kw>
<status status="PASS" starttime="20211206 14:15:33.218" endtime="20211206 14:15:33.337"/>
</kw>
<kw name="User Should Be Visible" library="actions">
<arg>${user}</arg>
<kw name="Set Variable" library="BuiltIn">
<var>${element}</var>
<arg>xpath=//td[contains(text(), "${user}[email]")]/..</arg>
<doc>Returns the given values which can then be assigned to a variables.</doc>
<msg timestamp="20211206 14:15:33.338" level="INFO">${element} = xpath=//td[contains(text(), "yodinha@jedi.com")]/..</msg>
<status status="PASS" starttime="20211206 14:15:33.338" endtime="20211206 14:15:33.338"/>
</kw>
<kw name="Wait For Elements State" library="Browser">
<arg>${element}</arg>
<arg>visible</arg>
<arg>5</arg>
<tag>PageContent</tag>
<tag>Wait</tag>
<doc>Waits for the element found by ``selector`` to satisfy state option.</doc>
<msg timestamp="20211206 14:15:33.348" level="INFO">Waited for Element with selector xpath=//td[contains(text(), "yodinha@jedi.com")]/.. at state visible</msg>
<status status="PASS" starttime="20211206 14:15:33.338" endtime="20211206 14:15:33.349"/>
</kw>
<kw name="Get Text" library="Browser">
<arg>${element}</arg>
<arg>contains</arg>
<arg>${user}[name]</arg>
<tag>Assertion</tag>
<tag>Getter</tag>
<tag>PageContent</tag>
<doc>Returns text attribute of the element found by ``selector``.</doc>
<status status="PASS" starttime="20211206 14:15:33.349" endtime="20211206 14:15:33.366"/>
</kw>
<kw name="Get Text" library="Browser">
<arg>${element}</arg>
<arg>contains</arg>
<arg>${user}[email]</arg>
<tag>Assertion</tag>
<tag>Getter</tag>
<tag>PageContent</tag>
<doc>Returns text attribute of the element found by ``selector``.</doc>
<status status="PASS" starttime="20211206 14:15:33.366" endtime="20211206 14:15:33.374"/>
</kw>
<status status="PASS" starttime="20211206 14:15:33.338" endtime="20211206 14:15:33.374"/>
</kw>
<kw name="End Session" library="base" type="TEARDOWN">
<kw name="Take Screenshot" library="Browser">
<tag>PageContent</tag>
<doc>Takes a screenshot of the current window or element and saves it to disk.</doc>
<msg timestamp="20211206 14:15:33.651" level="INFO" html="true">&lt;/td&gt;&lt;/tr&gt;&lt;tr&gt;&lt;td colspan="3"&gt;&lt;a href="browser/screenshot/robotframework-browser-screenshot-1.png"&gt;&lt;img src="browser/screenshot/robotframework-browser-screenshot-1.png" width="800px"&gt;&lt;/a&gt;</msg>
<status status="PASS" starttime="20211206 14:15:33.375" endtime="20211206 14:15:33.651"/>
</kw>
<status status="PASS" starttime="20211206 14:15:33.375" endtime="20211206 14:15:33.651"/>
</kw>
<tag>happy</tag>
<status status="PASS" starttime="20211206 14:15:31.197" endtime="20211206 14:15:33.652"/>
</test>
<doc>Suíte de testes para cadastro de personagens</doc>
<status status="PASS" starttime="20211206 14:15:30.498" endtime="20211206 14:15:33.720"/>
</suite>
<status status="PASS" starttime="20211206 14:15:30.475" endtime="20211206 14:15:33.722"/>
</suite>
<statistics>
<total>
<stat pass="1" fail="0" skip="0">All Tests</stat>
</total>
<tag>
<stat pass="1" fail="0" skip="0">happy</stat>
</tag>
<suite>
<stat pass="1" fail="0" skip="0" id="s1" name="Tests">Tests</stat>
<stat pass="1" fail="0" skip="0" id="s1-s1" name="Cadastro">Tests.Cadastro</stat>
</suite>
</statistics>
<errors>
</errors>
</robot>
